<?xml version="1.0" encoding="UTF-8"?>
<!-- Generated by org.testng.reporters.JUnitReportReporter -->
<testsuite hostname="LAPTOP-4I2QFTO2" failures="0" tests="1" name="testCases.AccountRegistrationTest" time="6.074" errors="0" timestamp="2023-07-21T07:55:50 IST" skipped="0">
  <testcase classname="testCases.AccountRegistrationTest" name="test_account_registration" time="6.074"/>
</testsuite> <!-- testCases.AccountRegistrationTest -->
