<?xml version="1.0" encoding="UTF-8"?>
<!-- Generated by org.testng.reporters.JUnitReportReporter -->
<testsuite hostname="LAPTOP-4I2QFTO2" failures="0" tests="1" name="testCases.AccountRegistrationTest" time="9.803" errors="0" timestamp="2023-07-21T23:15:13 IST" skipped="0">
  <testcase classname="testCases.AccountRegistrationTest" name="test_account_registration" time="9.803"/>
</testsuite> <!-- testCases.AccountRegistrationTest -->
