<?xml version="1.0" encoding="UTF-8"?>
<!-- Generated by org.testng.reporters.JUnitReportReporter -->
<testsuite hostname="LAPTOP-4I2QFTO2" failures="0" tests="1" name="testCases.AccountRegistrationTest" time="10.732" errors="0" timestamp="2023-07-23T14:27:12 IST" skipped="0">
  <testcase classname="testCases.AccountRegistrationTest" name="test_account_registration" time="10.732"/>
</testsuite> <!-- testCases.AccountRegistrationTest -->
